<?xml version="1.0" encoding="utf-8" standalone="no"?>
<!--This file represents the results of running a test suite-->
<test-results name="C:\Code\InterviewTest.StringCalculator\StringCalculatorKata.Tests\bin\Debug\StringCalculatorKata.Tests.dll" total="1" errors="0" failures="0" not-run="0" inconclusive="0" ignored="0" skipped="0" invalid="0" date="2016-01-14" time="12:46:51">
  <environment nunit-version="2.6.3.13283" clr-version="2.0.50727.8009" os-version="Microsoft Windows NT 6.2.9200.0" platform="Win32NT" cwd="C:\Program Files (x86)\NUnit 2.6.3\bin" machine-name="131948L" user="jonathan.hadley" user-domain="SCN" />
  <culture-info current-culture="en-GB" current-uiculture="en-US" />
  <test-suite type="Assembly" name="C:\Code\InterviewTest.StringCalculator\StringCalculatorKata.Tests\bin\Debug\StringCalculatorKata.Tests.dll" executed="True" result="Success" success="True" time="0.002" asserts="0">
    <results>
      <test-suite type="Namespace" name="StringCalculatorKata" executed="True" result="Success" success="True" time="0.002" asserts="0">
        <results>
          <test-suite type="Namespace" name="Tests" executed="True" result="Success" success="True" time="0.001" asserts="0">
            <results>
              <test-suite type="TestFixture" name="StringCalculatorTests" executed="True" result="Success" success="True" time="0.001" asserts="0">
                <results>
                  <test-case name="StringCalculatorKata.Tests.StringCalculatorTests.Calculate_EmptyString_ReturnsZero" executed="True" result="Success" success="True" time="0.000" asserts="1" />
                </results>
              </test-suite>
            </results>
          </test-suite>
        </results>
      </test-suite>
    </results>
  </test-suite>
</test-results>